<?xml version="1.0" encoding="UTF-8"?>
<!-- Generated by org.testng.reporters.JUnitXMLReporter -->
<testsuite ignored="0" hostname="Elnems" failures="0" tests="6" name="Default test" time="6.335" errors="0" timestamp="2024-05-18T17:48:04 EEST">
  <testcase classname="tests.OrderCycleTestWithDDTAndJSON" name="UserCanLoginSuccssfully" time="3.225"/>
  <testcase classname="tests.OrderCycleTestWithDDTAndJSON" name="UserCanViewProductPageAndAddItemToCart" time="0.433"/>
  <testcase classname="tests.OrderCycleTestWithDDTAndJSON" name="UserCanViewAddToCartPageAndCheckOut" time="0.392"/>
  <testcase classname="tests.OrderCycleTestWithDDTAndJSON" name="UserCanEnterCheckOutData" time="0.729"/>
  <testcase classname="tests.OrderCycleTestWithDDTAndJSON" name="UserCanViewCheckOutOverview" time="0.391"/>
  <testcase classname="tests.OrderCycleTestWithDDTAndJSON" name="UserCanViewTheCompeletedOrder" time="1.058"/>
</testsuite> <!-- Default test -->
